Arguments: 
  C:\Program Files\nodejs\node.exe C:\Users\npfei\AppData\Roaming\npm\node_modules\yarn\bin\yarn.js add @react-native-community/checkbox

PATH: 
  C:\Python38\Scripts\;C:\Python38\;C:\Program Files (x86)\Common Files\Oracle\Java\javapath;C:\Program Files (x86)\Common Files\Intel\Shared Libraries\redist\intel64\compiler;C:\Program Files\AdoptOpenJDK\jdk-11.0.6.10-hotspot\bin;C:\WINDOWS\system32;C:\WINDOWS;C:\WINDOWS\System32\Wbem;C:\WINDOWS\System32\WindowsPowerShell\v1.0\;C:\WINDOWS\System32\OpenSSH\;C:\Program Files\Java\jdk-13.0.2\bin;C:\ProgramData\chocolatey\bin;C:\Users\npfei\Downloads\apache-maven-3.6.3-bin\apache-maven-3.6.3\bin;C:\Program Files\nodejs\;C:\Users\npfei\AppData\Local\Programs\Python\Python38-32\Scripts\;C:\Users\npfei\AppData\Local\Programs\Python\Python38-32\;C:\Users\npfei\AppData\Local\Microsoft\WindowsApps;C:\Users\npfei\AppData\Local\Programs\Microsoft VS Code\bin;C:\Users\npfei\AppData\Local\GitHubDesktop\bin;C:\Users\npfei\AppData\Local\Programs\Git\cmd;C:\Users\npfei\AppData\Roaming\npm

Yarn version: 
  1.22.10

Node version: 
  14.5.0

Platform: 
  win32 x64

Trace: 
  Error: EPERM: operation not permitted, unlink 'C:\Users\npfei\Desktop\ToDo\node_modules\@babel\plugin-external-helpers\lib'

npm manifest: 
  {
    "main": "node_modules/expo/AppEntry.js",
    "scripts": {
      "start": "expo start",
      "android": "expo start --android",
      "ios": "expo start --ios",
      "web": "expo start --web",
      "eject": "expo eject"
    },
    "dependencies": {
      "@reduxjs/toolkit": "^1.4.0",
      "expo": "~39.0.2",
      "expo-status-bar": "~1.0.2",
      "react": "16.13.1",
      "react-dom": "16.13.1",
      "react-native": "https://github.com/expo/react-native/archive/sdk-39.0.3.tar.gz",
      "react-native-web": "~0.13.12",
      "react-redux": "^7.2.1",
      "redux": "^4.0.5"
    },
    "devDependencies": {
      "@babel/core": "~7.9.0"
    },
    "private": true
  }

yarn manifest: 
  No manifest

Lockfile: 
  No lockfile
